21:23:03: Creating resource group General
21:23:03: Creating resource group Internal
21:23:03: Creating resource group Autodetect
21:23:03: Registering ResourceManager for type Mesh
21:23:03: Registering ResourceManager for type Material
21:23:03: Registering ResourceManager for type Skeleton
21:23:03: XMLMeshSerializer reading mesh data from /home/androiders/workspace/superspacerace/resources/models/Cube.mesh.xml...
21:23:03: Reading submeshes...
21:23:03: Reading geometry...
21:23:03: Geometry done...
21:23:03: Submeshes done.
21:23:03: XMLMeshSerializer import successful.
21:23:03: Reorganising vertex buffers to automatic layout..
21:23:03: MeshSerializer writing mesh data to /home/androiders/workspace/superspacerace/resources/models/Cube.mesh...
21:23:03: File header written.
21:23:03: Writing mesh data...
21:23:03: Writing submesh...
21:23:03: Exporting submesh texture aliases...
21:23:03: Submesh texture aliases exported.
21:23:03: Submesh exported.
21:23:03: Exporting bounds information....
21:23:03: Bounds information exported.
21:23:03: Exporting submesh name table...
21:23:03: Submesh name table exported.
21:23:03: Exporting edge lists...
21:23:03: Edge lists exported
21:23:03: Mesh data exported.
21:23:03: MeshSerializer export successful.
21:23:03: Unregistering ResourceManager for type Skeleton
21:23:03: Unregistering ResourceManager for type Material
21:23:03: Unregistering ResourceManager for type Mesh
